<?xml version="1.0" encoding="UTF-8"?>
<!-- Generated by org.testng.reporters.JUnitXMLReporter -->
<testsuite hostname="Chinnuboss" ignored="2" name="Command line test" tests="8" failures="1" timestamp="2021-09-10T11:24:32 IST" time="195.463" errors="0">
  <testcase name="convertLeadBySelectingAllCheckboxTest" time="38.068" classname="com.rockzent.awinbv.leadtest.ConvertLeadTest"/>
  <testcase name="convertLeadBySelectingOnlyOpportunityCheckboxTest" time="32.944" classname="com.rockzent.awinbv.leadtest.ConvertLeadTest"/>
  <testcase name="convertLeadBySelectingOnlyOrgCheckboxTest" time="33.393" classname="com.rockzent.awinbv.leadtest.ConvertLeadTest"/>
  <testcase name="creatNewLeadByInvalidAnnualRevenueTest" time="10.041" classname="com.rockzent.awinbv.leadtest.CreateNewLeadTest">
    <skipped/>
  </testcase> <!-- creatNewLeadByInvalidAnnualRevenueTest -->
  <testcase name="creatNewLeadByInvalidAnnualRevenueTest" time="9.771" classname="com.rockzent.awinbv.leadtest.CreateNewLeadTest">
    <skipped/>
  </testcase> <!-- creatNewLeadByInvalidAnnualRevenueTest -->
  <testcase name="creatNewLeadByInvalidAnnualRevenueTest" time="9.865" classname="com.rockzent.awinbv.leadtest.CreateNewLeadTest">
    <failure type="java.lang.AssertionError" message="expected [true] but found [false]">
      <![CDATA[java.lang.AssertionError: expected [true] but found [false]
at com.rockzent.awinbv.leadtest.CreateNewLeadTest.creatNewLeadByInvalidAnnualRevenueTest(CreateNewLeadTest.java:151)
at java.util.ArrayList.forEach(ArrayList.java:1257)
... Removed 41 stack frames]]>
    </failure>
  </testcase> <!-- creatNewLeadByInvalidAnnualRevenueTest -->
  <testcase name="creatNewLeadByValidAnnualRevenueTest" time="10.17" classname="com.rockzent.awinbv.leadtest.CreateNewLeadTest"/>
  <testcase name="createNewLeadByAssignToTest" time="10.13" classname="com.rockzent.awinbv.leadtest.CreateNewLeadTest"/>
  <testcase name="@AfterSuite configAS" time="0.0" classname="com.rockzent.awinbv.generalUtility.BaseClass">
    <ignored/>
  </testcase> <!-- @AfterSuite configAS -->
  <testcase name="@BeforeSuite configBS" time="0.0" classname="com.rockzent.awinbv.generalUtility.BaseClass">
    <ignored/>
  </testcase> <!-- @BeforeSuite configBS -->
</testsuite> <!-- Command line test -->
