-------------------------------------------------------------------------------
Test set: TestSuite
-------------------------------------------------------------------------------
Tests run: 8, Failures: 1, Errors: 0, Skipped: 2, Time elapsed: 197.021 sec <<< FAILURE!
creatNewLeadByInvalidAnnualRevenueTest(com.rockzent.awinbv.leadtest.CreateNewLeadTest)  Time elapsed: 10.079 sec  <<< FAILURE!
java.lang.AssertionError: expected [true] but found [false]
	at org.testng.Assert.fail(Assert.java:99)
	at org.testng.Assert.failNotEquals(Assert.java:1037)
	at org.testng.Assert.assertTrue(Assert.java:45)
	at org.testng.Assert.assertTrue(Assert.java:55)
	at com.rockzent.awinbv.leadtest.CreateNewLeadTest.creatNewLeadByInvalidAnnualRevenueTest(CreateNewLeadTest.java:151)

