<?xml version="1.0" encoding="UTF-8"?>
<testng-results skipped="0" failed="0" ignored="2" retried="3" total="11" passed="6">
  <reporter-output>
  </reporter-output>
  <suite name="Command line suite" duration-ms="312539" started-at="2021-09-11T19:38:12 IST" finished-at="2021-09-11T19:43:25 IST">
    <groups>
      <group name="regressionTest">
        <method signature="ConvertLeadTest.convertLeadBySelectingAllCheckboxTest()[pri:0, instance:com.rockzent.awinbv.leadtest.ConvertLeadTest@35d176f7]" name="convertLeadBySelectingAllCheckboxTest" class="com.rockzent.awinbv.leadtest.ConvertLeadTest"/>
        <method signature="ConvertLeadTest.convertLeadBySelectingOnlyOpportunityCheckboxTest()[pri:0, instance:com.rockzent.awinbv.leadtest.ConvertLeadTest@35d176f7]" name="convertLeadBySelectingOnlyOpportunityCheckboxTest" class="com.rockzent.awinbv.leadtest.ConvertLeadTest"/>
        <method signature="ConvertLeadTest.convertLeadBySelectingOnlyOrgCheckboxTest()[pri:0, instance:com.rockzent.awinbv.leadtest.ConvertLeadTest@35d176f7]" name="convertLeadBySelectingOnlyOrgCheckboxTest" class="com.rockzent.awinbv.leadtest.ConvertLeadTest"/>
        <method signature="CreateNewLeadTest.creatNewLeadByInvalidAnnualRevenueTest()[pri:0, instance:com.rockzent.awinbv.leadtest.CreateNewLeadTest@3d99d22e]" name="creatNewLeadByInvalidAnnualRevenueTest" class="com.rockzent.awinbv.leadtest.CreateNewLeadTest"/>
        <method signature="CreateNewLeadTest.creatNewLeadByValidAnnualRevenueTest()[pri:0, instance:com.rockzent.awinbv.leadtest.CreateNewLeadTest@3d99d22e]" name="creatNewLeadByValidAnnualRevenueTest" class="com.rockzent.awinbv.leadtest.CreateNewLeadTest"/>
        <method signature="CreateNewLeadTest.createNewLeadByAssignToTest()[pri:0, instance:com.rockzent.awinbv.leadtest.CreateNewLeadTest@3d99d22e]" name="createNewLeadByAssignToTest" class="com.rockzent.awinbv.leadtest.CreateNewLeadTest"/>
      </group> <!-- regressionTest -->
      <group name="smokeTest">
        <method signature="CreateNewLeadTest.createNewLeadByAssignToTest()[pri:0, instance:com.rockzent.awinbv.leadtest.CreateNewLeadTest@3d99d22e]" name="createNewLeadByAssignToTest" class="com.rockzent.awinbv.leadtest.CreateNewLeadTest"/>
      </group> <!-- smokeTest -->
    </groups>
    <test name="Command line test" duration-ms="312539" started-at="2021-09-11T19:38:12 IST" finished-at="2021-09-11T19:43:25 IST">
      <class name="com.rockzent.awinbv.leadtest.CreateNewLeadTest">
        <test-method status="PASS" signature="configBC()[pri:0, instance:com.rockzent.awinbv.leadtest.CreateNewLeadTest@3d99d22e]" name="configBC" is-config="true" duration-ms="2813" started-at="2021-09-11T19:42:32 IST" finished-at="2021-09-11T19:42:35 IST">
          <reporter-output>
          </reporter-output>
        </test-method> <!-- configBC -->
        <test-method status="PASS" signature="configBM()[pri:0, instance:com.rockzent.awinbv.leadtest.CreateNewLeadTest@3d99d22e]" name="configBM" is-config="true" duration-ms="3955" started-at="2021-09-11T19:42:35 IST" finished-at="2021-09-11T19:42:39 IST">
          <reporter-output>
          </reporter-output>
        </test-method> <!-- configBM -->
        <test-method status="PASS" signature="creatNewLeadByInvalidAnnualRevenueTest()[pri:0, instance:com.rockzent.awinbv.leadtest.CreateNewLeadTest@3d99d22e]" name="creatNewLeadByInvalidAnnualRevenueTest" duration-ms="8981" started-at="2021-09-11T19:42:39 IST" finished-at="2021-09-11T19:42:48 IST">
          <reporter-output>
          </reporter-output>
        </test-method> <!-- creatNewLeadByInvalidAnnualRevenueTest -->
        <test-method status="PASS" signature="configAM()[pri:0, instance:com.rockzent.awinbv.leadtest.CreateNewLeadTest@3d99d22e]" name="configAM" is-config="true" duration-ms="1570" started-at="2021-09-11T19:42:48 IST" finished-at="2021-09-11T19:42:50 IST">
          <reporter-output>
          </reporter-output>
        </test-method> <!-- configAM -->
        <test-method status="PASS" signature="configBM()[pri:0, instance:com.rockzent.awinbv.leadtest.CreateNewLeadTest@3d99d22e]" name="configBM" is-config="true" duration-ms="3061" started-at="2021-09-11T19:42:50 IST" finished-at="2021-09-11T19:42:53 IST">
          <reporter-output>
          </reporter-output>
        </test-method> <!-- configBM -->
        <test-method status="PASS" signature="creatNewLeadByValidAnnualRevenueTest()[pri:0, instance:com.rockzent.awinbv.leadtest.CreateNewLeadTest@3d99d22e]" name="creatNewLeadByValidAnnualRevenueTest" duration-ms="12609" started-at="2021-09-11T19:42:53 IST" finished-at="2021-09-11T19:43:05 IST">
          <reporter-output>
          </reporter-output>
        </test-method> <!-- creatNewLeadByValidAnnualRevenueTest -->
        <test-method status="PASS" signature="configAM()[pri:0, instance:com.rockzent.awinbv.leadtest.CreateNewLeadTest@3d99d22e]" name="configAM" is-config="true" duration-ms="1518" started-at="2021-09-11T19:43:05 IST" finished-at="2021-09-11T19:43:07 IST">
          <reporter-output>
          </reporter-output>
        </test-method> <!-- configAM -->
        <test-method status="PASS" signature="configBM()[pri:0, instance:com.rockzent.awinbv.leadtest.CreateNewLeadTest@3d99d22e]" name="configBM" is-config="true" duration-ms="3106" started-at="2021-09-11T19:43:07 IST" finished-at="2021-09-11T19:43:10 IST">
          <reporter-output>
          </reporter-output>
        </test-method> <!-- configBM -->
        <test-method status="PASS" signature="createNewLeadByAssignToTest()[pri:0, instance:com.rockzent.awinbv.leadtest.CreateNewLeadTest@3d99d22e]" name="createNewLeadByAssignToTest" duration-ms="12325" started-at="2021-09-11T19:43:10 IST" finished-at="2021-09-11T19:43:22 IST">
          <reporter-output>
          </reporter-output>
        </test-method> <!-- createNewLeadByAssignToTest -->
        <test-method status="PASS" signature="configAM()[pri:0, instance:com.rockzent.awinbv.leadtest.CreateNewLeadTest@3d99d22e]" name="configAM" is-config="true" duration-ms="1584" started-at="2021-09-11T19:43:22 IST" finished-at="2021-09-11T19:43:24 IST">
          <reporter-output>
          </reporter-output>
        </test-method> <!-- configAM -->
        <test-method status="PASS" signature="configAC()[pri:0, instance:com.rockzent.awinbv.leadtest.CreateNewLeadTest@3d99d22e]" name="configAC" is-config="true" duration-ms="775" started-at="2021-09-11T19:43:24 IST" finished-at="2021-09-11T19:43:25 IST">
          <reporter-output>
          </reporter-output>
        </test-method> <!-- configAC -->
      </class> <!-- com.rockzent.awinbv.leadtest.CreateNewLeadTest -->
      <class name="com.rockzent.awinbv.leadtest.ConvertLeadTest">
        <test-method status="PASS" signature="configBS()[pri:0, instance:com.rockzent.awinbv.leadtest.ConvertLeadTest@35d176f7]" name="configBS" is-config="true" duration-ms="12" started-at="2021-09-11T19:38:12 IST" finished-at="2021-09-11T19:38:12 IST">
          <reporter-output>
          </reporter-output>
        </test-method> <!-- configBS -->
        <test-method status="PASS" signature="configBC()[pri:0, instance:com.rockzent.awinbv.leadtest.ConvertLeadTest@35d176f7]" name="configBC" is-config="true" duration-ms="4075" started-at="2021-09-11T19:38:12 IST" finished-at="2021-09-11T19:38:16 IST">
          <reporter-output>
          </reporter-output>
        </test-method> <!-- configBC -->
        <test-method status="PASS" signature="configBM()[pri:0, instance:com.rockzent.awinbv.leadtest.ConvertLeadTest@35d176f7]" name="configBM" is-config="true" duration-ms="3365" started-at="2021-09-11T19:38:16 IST" finished-at="2021-09-11T19:38:20 IST">
          <reporter-output>
          </reporter-output>
        </test-method> <!-- configBM -->
        <test-method status="PASS" signature="convertLeadBySelectingAllCheckboxTest()[pri:0, instance:com.rockzent.awinbv.leadtest.ConvertLeadTest@35d176f7]" name="convertLeadBySelectingAllCheckboxTest" duration-ms="50119" started-at="2021-09-11T19:38:20 IST" finished-at="2021-09-11T19:39:10 IST">
          <reporter-output>
          </reporter-output>
        </test-method> <!-- convertLeadBySelectingAllCheckboxTest -->
        <test-method status="PASS" signature="configAM()[pri:0, instance:com.rockzent.awinbv.leadtest.ConvertLeadTest@35d176f7]" name="configAM" is-config="true" duration-ms="6289" started-at="2021-09-11T19:39:10 IST" finished-at="2021-09-11T19:39:16 IST">
          <reporter-output>
          </reporter-output>
        </test-method> <!-- configAM -->
        <test-method status="PASS" signature="configBM()[pri:0, instance:com.rockzent.awinbv.leadtest.ConvertLeadTest@35d176f7]" name="configBM" is-config="true" duration-ms="2197" started-at="2021-09-11T19:39:16 IST" finished-at="2021-09-11T19:39:18 IST">
          <reporter-output>
          </reporter-output>
        </test-method> <!-- configBM -->
        <test-method status="SKIP" signature="convertLeadBySelectingOnlyOpportunityCheckboxTest()[pri:0, instance:com.rockzent.awinbv.leadtest.ConvertLeadTest@35d176f7]" name="convertLeadBySelectingOnlyOpportunityCheckboxTest" duration-ms="28421" retried="true" started-at="2021-09-11T19:39:18 IST" finished-at="2021-09-11T19:39:47 IST">
          <exception class="org.openqa.selenium.StaleElementReferenceException">
            <message>
              <![CDATA[stale element reference: element is not attached to the page document
  (Session info: chrome=93.0.4577.63)
For documentation on this error, please visit: https://www.seleniumhq.org/exceptions/stale_element_reference.html
Build info: version: '3.141.59', revision: 'e82be7d358', time: '2018-11-14T08:17:03'
System info: host: 'CHINNUBOSS', ip: '192.168.72.1', os.name: 'Windows 10', os.arch: 'amd64', os.version: '10.0', java.version: '1.8.0_162'
Driver info: org.openqa.selenium.chrome.ChromeDriver
Capabilities {acceptInsecureCerts: false, browserName: chrome, browserVersion: 93.0.4577.63, chrome: {chromedriverVersion: 92.0.4515.107 (87a818b10553..., userDataDir: C:\Users\murth\AppData\Loca...}, goog:chromeOptions: {debuggerAddress: localhost:52526}, javascriptEnabled: true, networkConnectionEnabled: false, pageLoadStrategy: normal, platform: WINDOWS, platformName: WINDOWS, proxy: Proxy(), setWindowRect: true, strictFileInteractability: false, timeouts: {implicit: 0, pageLoad: 300000, script: 30000}, unhandledPromptBehavior: dismiss and notify, webauthn:extension:credBlob: true, webauthn:extension:largeBlob: true, webauthn:virtualAuthenticators: true}
Session ID: 6fe347149cf95f57e2fb7358d31978f5]]>
            </message>
            <full-stacktrace>
              <![CDATA[org.openqa.selenium.StaleElementReferenceException: stale element reference: element is not attached to the page document
  (Session info: chrome=93.0.4577.63)
For documentation on this error, please visit: https://www.seleniumhq.org/exceptions/stale_element_reference.html
Build info: version: '3.141.59', revision: 'e82be7d358', time: '2018-11-14T08:17:03'
System info: host: 'CHINNUBOSS', ip: '192.168.72.1', os.name: 'Windows 10', os.arch: 'amd64', os.version: '10.0', java.version: '1.8.0_162'
Driver info: org.openqa.selenium.chrome.ChromeDriver
Capabilities {acceptInsecureCerts: false, browserName: chrome, browserVersion: 93.0.4577.63, chrome: {chromedriverVersion: 92.0.4515.107 (87a818b10553..., userDataDir: C:\Users\murth\AppData\Loca...}, goog:chromeOptions: {debuggerAddress: localhost:52526}, javascriptEnabled: true, networkConnectionEnabled: false, pageLoadStrategy: normal, platform: WINDOWS, platformName: WINDOWS, proxy: Proxy(), setWindowRect: true, strictFileInteractability: false, timeouts: {implicit: 0, pageLoad: 300000, script: 30000}, unhandledPromptBehavior: dismiss and notify, webauthn:extension:credBlob: true, webauthn:extension:largeBlob: true, webauthn:virtualAuthenticators: true}
Session ID: 6fe347149cf95f57e2fb7358d31978f5
at sun.reflect.NativeConstructorAccessorImpl.newInstance0(Native Method)
at sun.reflect.NativeConstructorAccessorImpl.newInstance(NativeConstructorAccessorImpl.java:62)
at sun.reflect.DelegatingConstructorAccessorImpl.newInstance(DelegatingConstructorAccessorImpl.java:45)
at java.lang.reflect.Constructor.newInstance(Constructor.java:423)
at org.openqa.selenium.remote.http.W3CHttpResponseCodec.createException(W3CHttpResponseCodec.java:187)
at org.openqa.selenium.remote.http.W3CHttpResponseCodec.decode(W3CHttpResponseCodec.java:122)
at org.openqa.selenium.remote.http.W3CHttpResponseCodec.decode(W3CHttpResponseCodec.java:49)
at org.openqa.selenium.remote.HttpCommandExecutor.execute(HttpCommandExecutor.java:158)
at org.openqa.selenium.remote.service.DriverCommandExecutor.execute(DriverCommandExecutor.java:83)
at org.openqa.selenium.remote.RemoteWebDriver.execute(RemoteWebDriver.java:552)
at org.openqa.selenium.remote.RemoteWebElement.execute(RemoteWebElement.java:285)
at org.openqa.selenium.remote.RemoteWebElement.getAttribute(RemoteWebElement.java:134)
at sun.reflect.GeneratedMethodAccessor1.invoke(Unknown Source)
at sun.reflect.DelegatingMethodAccessorImpl.invoke(DelegatingMethodAccessorImpl.java:43)
at java.lang.reflect.Method.invoke(Method.java:498)
at org.openqa.selenium.support.pagefactory.internal.LocatingElementHandler.invoke(LocatingElementHandler.java:51)
at com.sun.proxy.$Proxy12.getAttribute(Unknown Source)
at org.openqa.selenium.support.ui.ExpectedConditions.getAttributeOrCssValue(ExpectedConditions.java:1139)
at org.openqa.selenium.support.ui.ExpectedConditions.access$100(ExpectedConditions.java:43)
at org.openqa.selenium.support.ui.ExpectedConditions$38.apply(ExpectedConditions.java:1084)
at org.openqa.selenium.support.ui.ExpectedConditions$38.apply(ExpectedConditions.java:1079)
at org.openqa.selenium.support.ui.FluentWait.until(FluentWait.java:249)
at com.rockzent.awinbv.generalUtility.WebDriverUtility.waitForAttributeValue(WebDriverUtility.java:71)
at com.rockzent.awinbv.pomrepositorylib.LeadsPage.selectALead(LeadsPage.java:94)
at com.rockzent.awinbv.leadtest.ConvertLeadTest.convertLeadBySelectingOnlyOpportunityCheckboxTest(ConvertLeadTest.java:148)
at sun.reflect.NativeMethodAccessorImpl.invoke0(Native Method)
at sun.reflect.NativeMethodAccessorImpl.invoke(NativeMethodAccessorImpl.java:62)
at sun.reflect.DelegatingMethodAccessorImpl.invoke(DelegatingMethodAccessorImpl.java:43)
at java.lang.reflect.Method.invoke(Method.java:498)
at org.testng.internal.MethodInvocationHelper.invokeMethod(MethodInvocationHelper.java:133)
at org.testng.internal.TestInvoker.invokeMethod(TestInvoker.java:598)
at org.testng.internal.TestInvoker.invokeTestMethod(TestInvoker.java:173)
at org.testng.internal.MethodRunner.runInSequence(MethodRunner.java:46)
at org.testng.internal.TestInvoker$MethodInvocationAgent.invoke(TestInvoker.java:824)
at org.testng.internal.TestInvoker.invokeTestMethods(TestInvoker.java:146)
at org.testng.internal.TestMethodWorker.invokeTestMethods(TestMethodWorker.java:146)
at org.testng.internal.TestMethodWorker.run(TestMethodWorker.java:128)
at java.util.ArrayList.forEach(ArrayList.java:1257)
at org.testng.TestRunner.privateRun(TestRunner.java:794)
at org.testng.TestRunner.run(TestRunner.java:596)
at org.testng.SuiteRunner.runTest(SuiteRunner.java:377)
at org.testng.SuiteRunner.runSequentially(SuiteRunner.java:371)
at org.testng.SuiteRunner.privateRun(SuiteRunner.java:332)
at org.testng.SuiteRunner.run(SuiteRunner.java:276)
at org.testng.SuiteRunnerWorker.runSuite(SuiteRunnerWorker.java:53)
at org.testng.SuiteRunnerWorker.run(SuiteRunnerWorker.java:96)
at org.testng.TestNG.runSuitesSequentially(TestNG.java:1212)
at org.testng.TestNG.runSuitesLocally(TestNG.java:1134)
at org.testng.TestNG.runSuites(TestNG.java:1063)
at org.testng.TestNG.run(TestNG.java:1031)
at org.apache.maven.surefire.testng.TestNGExecutor.run(TestNGExecutor.java:77)
at org.apache.maven.surefire.testng.TestNGDirectoryTestSuite.executeMulti(TestNGDirectoryTestSuite.java:159)
at org.apache.maven.surefire.testng.TestNGDirectoryTestSuite.execute(TestNGDirectoryTestSuite.java:99)
at org.apache.maven.surefire.testng.TestNGProvider.invoke(TestNGProvider.java:106)
at sun.reflect.NativeMethodAccessorImpl.invoke0(Native Method)
at sun.reflect.NativeMethodAccessorImpl.invoke(NativeMethodAccessorImpl.java:62)
at sun.reflect.DelegatingMethodAccessorImpl.invoke(DelegatingMethodAccessorImpl.java:43)
at java.lang.reflect.Method.invoke(Method.java:498)
at org.apache.maven.surefire.util.ReflectionUtils.invokeMethodWithArray(ReflectionUtils.java:189)
at org.apache.maven.surefire.booter.ProviderFactory$ProviderProxy.invoke(ProviderFactory.java:165)
at org.apache.maven.surefire.booter.ProviderFactory.invokeProvider(ProviderFactory.java:85)
at org.apache.maven.surefire.booter.ForkedBooter.runSuitesInProcess(ForkedBooter.java:115)
at org.apache.maven.surefire.booter.ForkedBooter.main(ForkedBooter.java:75)
]]>
            </full-stacktrace>
          </exception> <!-- org.openqa.selenium.StaleElementReferenceException -->
          <reporter-output>
          </reporter-output>
        </test-method> <!-- convertLeadBySelectingOnlyOpportunityCheckboxTest -->
        <test-method status="PASS" signature="configAM()[pri:0, instance:com.rockzent.awinbv.leadtest.ConvertLeadTest@35d176f7]" name="configAM" is-config="true" duration-ms="6397" started-at="2021-09-11T19:39:47 IST" finished-at="2021-09-11T19:39:53 IST">
          <reporter-output>
          </reporter-output>
        </test-method> <!-- configAM -->
        <test-method status="PASS" signature="configBM()[pri:0, instance:com.rockzent.awinbv.leadtest.ConvertLeadTest@35d176f7]" name="configBM" is-config="true" duration-ms="2531" started-at="2021-09-11T19:39:53 IST" finished-at="2021-09-11T19:39:56 IST">
          <reporter-output>
          </reporter-output>
        </test-method> <!-- configBM -->
        <test-method status="SKIP" signature="convertLeadBySelectingOnlyOpportunityCheckboxTest()[pri:0, instance:com.rockzent.awinbv.leadtest.ConvertLeadTest@35d176f7]" name="convertLeadBySelectingOnlyOpportunityCheckboxTest" duration-ms="24988" retried="true" started-at="2021-09-11T19:39:56 IST" finished-at="2021-09-11T19:40:21 IST">
          <exception class="org.openqa.selenium.StaleElementReferenceException">
            <message>
              <![CDATA[stale element reference: element is not attached to the page document
  (Session info: chrome=93.0.4577.63)
For documentation on this error, please visit: https://www.seleniumhq.org/exceptions/stale_element_reference.html
Build info: version: '3.141.59', revision: 'e82be7d358', time: '2018-11-14T08:17:03'
System info: host: 'CHINNUBOSS', ip: '192.168.72.1', os.name: 'Windows 10', os.arch: 'amd64', os.version: '10.0', java.version: '1.8.0_162'
Driver info: org.openqa.selenium.chrome.ChromeDriver
Capabilities {acceptInsecureCerts: false, browserName: chrome, browserVersion: 93.0.4577.63, chrome: {chromedriverVersion: 92.0.4515.107 (87a818b10553..., userDataDir: C:\Users\murth\AppData\Loca...}, goog:chromeOptions: {debuggerAddress: localhost:52526}, javascriptEnabled: true, networkConnectionEnabled: false, pageLoadStrategy: normal, platform: WINDOWS, platformName: WINDOWS, proxy: Proxy(), setWindowRect: true, strictFileInteractability: false, timeouts: {implicit: 0, pageLoad: 300000, script: 30000}, unhandledPromptBehavior: dismiss and notify, webauthn:extension:credBlob: true, webauthn:extension:largeBlob: true, webauthn:virtualAuthenticators: true}
Session ID: 6fe347149cf95f57e2fb7358d31978f5]]>
            </message>
            <full-stacktrace>
              <![CDATA[org.openqa.selenium.StaleElementReferenceException: stale element reference: element is not attached to the page document
  (Session info: chrome=93.0.4577.63)
For documentation on this error, please visit: https://www.seleniumhq.org/exceptions/stale_element_reference.html
Build info: version: '3.141.59', revision: 'e82be7d358', time: '2018-11-14T08:17:03'
System info: host: 'CHINNUBOSS', ip: '192.168.72.1', os.name: 'Windows 10', os.arch: 'amd64', os.version: '10.0', java.version: '1.8.0_162'
Driver info: org.openqa.selenium.chrome.ChromeDriver
Capabilities {acceptInsecureCerts: false, browserName: chrome, browserVersion: 93.0.4577.63, chrome: {chromedriverVersion: 92.0.4515.107 (87a818b10553..., userDataDir: C:\Users\murth\AppData\Loca...}, goog:chromeOptions: {debuggerAddress: localhost:52526}, javascriptEnabled: true, networkConnectionEnabled: false, pageLoadStrategy: normal, platform: WINDOWS, platformName: WINDOWS, proxy: Proxy(), setWindowRect: true, strictFileInteractability: false, timeouts: {implicit: 0, pageLoad: 300000, script: 30000}, unhandledPromptBehavior: dismiss and notify, webauthn:extension:credBlob: true, webauthn:extension:largeBlob: true, webauthn:virtualAuthenticators: true}
Session ID: 6fe347149cf95f57e2fb7358d31978f5
at sun.reflect.NativeConstructorAccessorImpl.newInstance0(Native Method)
at sun.reflect.NativeConstructorAccessorImpl.newInstance(NativeConstructorAccessorImpl.java:62)
at sun.reflect.DelegatingConstructorAccessorImpl.newInstance(DelegatingConstructorAccessorImpl.java:45)
at java.lang.reflect.Constructor.newInstance(Constructor.java:423)
at org.openqa.selenium.remote.http.W3CHttpResponseCodec.createException(W3CHttpResponseCodec.java:187)
at org.openqa.selenium.remote.http.W3CHttpResponseCodec.decode(W3CHttpResponseCodec.java:122)
at org.openqa.selenium.remote.http.W3CHttpResponseCodec.decode(W3CHttpResponseCodec.java:49)
at org.openqa.selenium.remote.HttpCommandExecutor.execute(HttpCommandExecutor.java:158)
at org.openqa.selenium.remote.service.DriverCommandExecutor.execute(DriverCommandExecutor.java:83)
at org.openqa.selenium.remote.RemoteWebDriver.execute(RemoteWebDriver.java:552)
at org.openqa.selenium.remote.RemoteWebElement.execute(RemoteWebElement.java:285)
at org.openqa.selenium.remote.RemoteWebElement.getAttribute(RemoteWebElement.java:134)
at sun.reflect.GeneratedMethodAccessor1.invoke(Unknown Source)
at sun.reflect.DelegatingMethodAccessorImpl.invoke(DelegatingMethodAccessorImpl.java:43)
at java.lang.reflect.Method.invoke(Method.java:498)
at org.openqa.selenium.support.pagefactory.internal.LocatingElementHandler.invoke(LocatingElementHandler.java:51)
at com.sun.proxy.$Proxy12.getAttribute(Unknown Source)
at org.openqa.selenium.support.ui.ExpectedConditions.getAttributeOrCssValue(ExpectedConditions.java:1139)
at org.openqa.selenium.support.ui.ExpectedConditions.access$100(ExpectedConditions.java:43)
at org.openqa.selenium.support.ui.ExpectedConditions$38.apply(ExpectedConditions.java:1084)
at org.openqa.selenium.support.ui.ExpectedConditions$38.apply(ExpectedConditions.java:1079)
at org.openqa.selenium.support.ui.FluentWait.until(FluentWait.java:249)
at com.rockzent.awinbv.generalUtility.WebDriverUtility.waitForAttributeValue(WebDriverUtility.java:71)
at com.rockzent.awinbv.pomrepositorylib.LeadsPage.selectALead(LeadsPage.java:94)
at com.rockzent.awinbv.leadtest.ConvertLeadTest.convertLeadBySelectingOnlyOpportunityCheckboxTest(ConvertLeadTest.java:148)
at sun.reflect.NativeMethodAccessorImpl.invoke0(Native Method)
at sun.reflect.NativeMethodAccessorImpl.invoke(NativeMethodAccessorImpl.java:62)
at sun.reflect.DelegatingMethodAccessorImpl.invoke(DelegatingMethodAccessorImpl.java:43)
at java.lang.reflect.Method.invoke(Method.java:498)
at org.testng.internal.MethodInvocationHelper.invokeMethod(MethodInvocationHelper.java:133)
at org.testng.internal.TestInvoker.invokeMethod(TestInvoker.java:598)
at org.testng.internal.TestInvoker.retryFailed(TestInvoker.java:213)
at org.testng.internal.MethodRunner.runInSequence(MethodRunner.java:58)
at org.testng.internal.TestInvoker$MethodInvocationAgent.invoke(TestInvoker.java:824)
at org.testng.internal.TestInvoker.invokeTestMethods(TestInvoker.java:146)
at org.testng.internal.TestMethodWorker.invokeTestMethods(TestMethodWorker.java:146)
at org.testng.internal.TestMethodWorker.run(TestMethodWorker.java:128)
at java.util.ArrayList.forEach(ArrayList.java:1257)
at org.testng.TestRunner.privateRun(TestRunner.java:794)
at org.testng.TestRunner.run(TestRunner.java:596)
at org.testng.SuiteRunner.runTest(SuiteRunner.java:377)
at org.testng.SuiteRunner.runSequentially(SuiteRunner.java:371)
at org.testng.SuiteRunner.privateRun(SuiteRunner.java:332)
at org.testng.SuiteRunner.run(SuiteRunner.java:276)
at org.testng.SuiteRunnerWorker.runSuite(SuiteRunnerWorker.java:53)
at org.testng.SuiteRunnerWorker.run(SuiteRunnerWorker.java:96)
at org.testng.TestNG.runSuitesSequentially(TestNG.java:1212)
at org.testng.TestNG.runSuitesLocally(TestNG.java:1134)
at org.testng.TestNG.runSuites(TestNG.java:1063)
at org.testng.TestNG.run(TestNG.java:1031)
at org.apache.maven.surefire.testng.TestNGExecutor.run(TestNGExecutor.java:77)
at org.apache.maven.surefire.testng.TestNGDirectoryTestSuite.executeMulti(TestNGDirectoryTestSuite.java:159)
at org.apache.maven.surefire.testng.TestNGDirectoryTestSuite.execute(TestNGDirectoryTestSuite.java:99)
at org.apache.maven.surefire.testng.TestNGProvider.invoke(TestNGProvider.java:106)
at sun.reflect.NativeMethodAccessorImpl.invoke0(Native Method)
at sun.reflect.NativeMethodAccessorImpl.invoke(NativeMethodAccessorImpl.java:62)
at sun.reflect.DelegatingMethodAccessorImpl.invoke(DelegatingMethodAccessorImpl.java:43)
at java.lang.reflect.Method.invoke(Method.java:498)
at org.apache.maven.surefire.util.ReflectionUtils.invokeMethodWithArray(ReflectionUtils.java:189)
at org.apache.maven.surefire.booter.ProviderFactory$ProviderProxy.invoke(ProviderFactory.java:165)
at org.apache.maven.surefire.booter.ProviderFactory.invokeProvider(ProviderFactory.java:85)
at org.apache.maven.surefire.booter.ForkedBooter.runSuitesInProcess(ForkedBooter.java:115)
at org.apache.maven.surefire.booter.ForkedBooter.main(ForkedBooter.java:75)
]]>
            </full-stacktrace>
          </exception> <!-- org.openqa.selenium.StaleElementReferenceException -->
          <reporter-output>
          </reporter-output>
        </test-method> <!-- convertLeadBySelectingOnlyOpportunityCheckboxTest -->
        <test-method status="PASS" signature="configAM()[pri:0, instance:com.rockzent.awinbv.leadtest.ConvertLeadTest@35d176f7]" name="configAM" is-config="true" duration-ms="4853" started-at="2021-09-11T19:40:21 IST" finished-at="2021-09-11T19:40:26 IST">
          <reporter-output>
          </reporter-output>
        </test-method> <!-- configAM -->
        <test-method status="PASS" signature="configBM()[pri:0, instance:com.rockzent.awinbv.leadtest.ConvertLeadTest@35d176f7]" name="configBM" is-config="true" duration-ms="2490" started-at="2021-09-11T19:40:26 IST" finished-at="2021-09-11T19:40:28 IST">
          <reporter-output>
          </reporter-output>
        </test-method> <!-- configBM -->
        <test-method status="PASS" signature="convertLeadBySelectingOnlyOpportunityCheckboxTest()[pri:0, instance:com.rockzent.awinbv.leadtest.ConvertLeadTest@35d176f7]" name="convertLeadBySelectingOnlyOpportunityCheckboxTest" duration-ms="43802" started-at="2021-09-11T19:40:28 IST" finished-at="2021-09-11T19:41:12 IST">
          <reporter-output>
          </reporter-output>
        </test-method> <!-- convertLeadBySelectingOnlyOpportunityCheckboxTest -->
        <test-method status="PASS" signature="configAM()[pri:0, instance:com.rockzent.awinbv.leadtest.ConvertLeadTest@35d176f7]" name="configAM" is-config="true" duration-ms="3924" started-at="2021-09-11T19:41:12 IST" finished-at="2021-09-11T19:41:16 IST">
          <reporter-output>
          </reporter-output>
        </test-method> <!-- configAM -->
        <test-method status="PASS" signature="configBM()[pri:0, instance:com.rockzent.awinbv.leadtest.ConvertLeadTest@35d176f7]" name="configBM" is-config="true" duration-ms="3865" started-at="2021-09-11T19:41:16 IST" finished-at="2021-09-11T19:41:20 IST">
          <reporter-output>
          </reporter-output>
        </test-method> <!-- configBM -->
        <test-method status="SKIP" signature="convertLeadBySelectingOnlyOrgCheckboxTest()[pri:0, instance:com.rockzent.awinbv.leadtest.ConvertLeadTest@35d176f7]" name="convertLeadBySelectingOnlyOrgCheckboxTest" duration-ms="25883" retried="true" started-at="2021-09-11T19:41:20 IST" finished-at="2021-09-11T19:41:46 IST">
          <exception class="org.openqa.selenium.StaleElementReferenceException">
            <message>
              <![CDATA[stale element reference: element is not attached to the page document
  (Session info: chrome=93.0.4577.63)
For documentation on this error, please visit: https://www.seleniumhq.org/exceptions/stale_element_reference.html
Build info: version: '3.141.59', revision: 'e82be7d358', time: '2018-11-14T08:17:03'
System info: host: 'CHINNUBOSS', ip: '192.168.72.1', os.name: 'Windows 10', os.arch: 'amd64', os.version: '10.0', java.version: '1.8.0_162'
Driver info: org.openqa.selenium.chrome.ChromeDriver
Capabilities {acceptInsecureCerts: false, browserName: chrome, browserVersion: 93.0.4577.63, chrome: {chromedriverVersion: 92.0.4515.107 (87a818b10553..., userDataDir: C:\Users\murth\AppData\Loca...}, goog:chromeOptions: {debuggerAddress: localhost:52526}, javascriptEnabled: true, networkConnectionEnabled: false, pageLoadStrategy: normal, platform: WINDOWS, platformName: WINDOWS, proxy: Proxy(), setWindowRect: true, strictFileInteractability: false, timeouts: {implicit: 0, pageLoad: 300000, script: 30000}, unhandledPromptBehavior: dismiss and notify, webauthn:extension:credBlob: true, webauthn:extension:largeBlob: true, webauthn:virtualAuthenticators: true}
Session ID: 6fe347149cf95f57e2fb7358d31978f5]]>
            </message>
            <full-stacktrace>
              <![CDATA[org.openqa.selenium.StaleElementReferenceException: stale element reference: element is not attached to the page document
  (Session info: chrome=93.0.4577.63)
For documentation on this error, please visit: https://www.seleniumhq.org/exceptions/stale_element_reference.html
Build info: version: '3.141.59', revision: 'e82be7d358', time: '2018-11-14T08:17:03'
System info: host: 'CHINNUBOSS', ip: '192.168.72.1', os.name: 'Windows 10', os.arch: 'amd64', os.version: '10.0', java.version: '1.8.0_162'
Driver info: org.openqa.selenium.chrome.ChromeDriver
Capabilities {acceptInsecureCerts: false, browserName: chrome, browserVersion: 93.0.4577.63, chrome: {chromedriverVersion: 92.0.4515.107 (87a818b10553..., userDataDir: C:\Users\murth\AppData\Loca...}, goog:chromeOptions: {debuggerAddress: localhost:52526}, javascriptEnabled: true, networkConnectionEnabled: false, pageLoadStrategy: normal, platform: WINDOWS, platformName: WINDOWS, proxy: Proxy(), setWindowRect: true, strictFileInteractability: false, timeouts: {implicit: 0, pageLoad: 300000, script: 30000}, unhandledPromptBehavior: dismiss and notify, webauthn:extension:credBlob: true, webauthn:extension:largeBlob: true, webauthn:virtualAuthenticators: true}
Session ID: 6fe347149cf95f57e2fb7358d31978f5
at sun.reflect.NativeConstructorAccessorImpl.newInstance0(Native Method)
at sun.reflect.NativeConstructorAccessorImpl.newInstance(NativeConstructorAccessorImpl.java:62)
at sun.reflect.DelegatingConstructorAccessorImpl.newInstance(DelegatingConstructorAccessorImpl.java:45)
at java.lang.reflect.Constructor.newInstance(Constructor.java:423)
at org.openqa.selenium.remote.http.W3CHttpResponseCodec.createException(W3CHttpResponseCodec.java:187)
at org.openqa.selenium.remote.http.W3CHttpResponseCodec.decode(W3CHttpResponseCodec.java:122)
at org.openqa.selenium.remote.http.W3CHttpResponseCodec.decode(W3CHttpResponseCodec.java:49)
at org.openqa.selenium.remote.HttpCommandExecutor.execute(HttpCommandExecutor.java:158)
at org.openqa.selenium.remote.service.DriverCommandExecutor.execute(DriverCommandExecutor.java:83)
at org.openqa.selenium.remote.RemoteWebDriver.execute(RemoteWebDriver.java:552)
at org.openqa.selenium.remote.RemoteWebElement.execute(RemoteWebElement.java:285)
at org.openqa.selenium.remote.RemoteWebElement.getAttribute(RemoteWebElement.java:134)
at sun.reflect.GeneratedMethodAccessor1.invoke(Unknown Source)
at sun.reflect.DelegatingMethodAccessorImpl.invoke(DelegatingMethodAccessorImpl.java:43)
at java.lang.reflect.Method.invoke(Method.java:498)
at org.openqa.selenium.support.pagefactory.internal.LocatingElementHandler.invoke(LocatingElementHandler.java:51)
at com.sun.proxy.$Proxy12.getAttribute(Unknown Source)
at org.openqa.selenium.support.ui.ExpectedConditions.getAttributeOrCssValue(ExpectedConditions.java:1139)
at org.openqa.selenium.support.ui.ExpectedConditions.access$100(ExpectedConditions.java:43)
at org.openqa.selenium.support.ui.ExpectedConditions$38.apply(ExpectedConditions.java:1084)
at org.openqa.selenium.support.ui.ExpectedConditions$38.apply(ExpectedConditions.java:1079)
at org.openqa.selenium.support.ui.FluentWait.until(FluentWait.java:249)
at com.rockzent.awinbv.generalUtility.WebDriverUtility.waitForAttributeValue(WebDriverUtility.java:71)
at com.rockzent.awinbv.pomrepositorylib.LeadsPage.selectALead(LeadsPage.java:94)
at com.rockzent.awinbv.leadtest.ConvertLeadTest.convertLeadBySelectingOnlyOrgCheckboxTest(ConvertLeadTest.java:89)
at sun.reflect.NativeMethodAccessorImpl.invoke0(Native Method)
at sun.reflect.NativeMethodAccessorImpl.invoke(NativeMethodAccessorImpl.java:62)
at sun.reflect.DelegatingMethodAccessorImpl.invoke(DelegatingMethodAccessorImpl.java:43)
at java.lang.reflect.Method.invoke(Method.java:498)
at org.testng.internal.MethodInvocationHelper.invokeMethod(MethodInvocationHelper.java:133)
at org.testng.internal.TestInvoker.invokeMethod(TestInvoker.java:598)
at org.testng.internal.TestInvoker.invokeTestMethod(TestInvoker.java:173)
at org.testng.internal.MethodRunner.runInSequence(MethodRunner.java:46)
at org.testng.internal.TestInvoker$MethodInvocationAgent.invoke(TestInvoker.java:824)
at org.testng.internal.TestInvoker.invokeTestMethods(TestInvoker.java:146)
at org.testng.internal.TestMethodWorker.invokeTestMethods(TestMethodWorker.java:146)
at org.testng.internal.TestMethodWorker.run(TestMethodWorker.java:128)
at java.util.ArrayList.forEach(ArrayList.java:1257)
at org.testng.TestRunner.privateRun(TestRunner.java:794)
at org.testng.TestRunner.run(TestRunner.java:596)
at org.testng.SuiteRunner.runTest(SuiteRunner.java:377)
at org.testng.SuiteRunner.runSequentially(SuiteRunner.java:371)
at org.testng.SuiteRunner.privateRun(SuiteRunner.java:332)
at org.testng.SuiteRunner.run(SuiteRunner.java:276)
at org.testng.SuiteRunnerWorker.runSuite(SuiteRunnerWorker.java:53)
at org.testng.SuiteRunnerWorker.run(SuiteRunnerWorker.java:96)
at org.testng.TestNG.runSuitesSequentially(TestNG.java:1212)
at org.testng.TestNG.runSuitesLocally(TestNG.java:1134)
at org.testng.TestNG.runSuites(TestNG.java:1063)
at org.testng.TestNG.run(TestNG.java:1031)
at org.apache.maven.surefire.testng.TestNGExecutor.run(TestNGExecutor.java:77)
at org.apache.maven.surefire.testng.TestNGDirectoryTestSuite.executeMulti(TestNGDirectoryTestSuite.java:159)
at org.apache.maven.surefire.testng.TestNGDirectoryTestSuite.execute(TestNGDirectoryTestSuite.java:99)
at org.apache.maven.surefire.testng.TestNGProvider.invoke(TestNGProvider.java:106)
at sun.reflect.NativeMethodAccessorImpl.invoke0(Native Method)
at sun.reflect.NativeMethodAccessorImpl.invoke(NativeMethodAccessorImpl.java:62)
at sun.reflect.DelegatingMethodAccessorImpl.invoke(DelegatingMethodAccessorImpl.java:43)
at java.lang.reflect.Method.invoke(Method.java:498)
at org.apache.maven.surefire.util.ReflectionUtils.invokeMethodWithArray(ReflectionUtils.java:189)
at org.apache.maven.surefire.booter.ProviderFactory$ProviderProxy.invoke(ProviderFactory.java:165)
at org.apache.maven.surefire.booter.ProviderFactory.invokeProvider(ProviderFactory.java:85)
at org.apache.maven.surefire.booter.ForkedBooter.runSuitesInProcess(ForkedBooter.java:115)
at org.apache.maven.surefire.booter.ForkedBooter.main(ForkedBooter.java:75)
]]>
            </full-stacktrace>
          </exception> <!-- org.openqa.selenium.StaleElementReferenceException -->
          <reporter-output>
          </reporter-output>
        </test-method> <!-- convertLeadBySelectingOnlyOrgCheckboxTest -->
        <test-method status="PASS" signature="configAM()[pri:0, instance:com.rockzent.awinbv.leadtest.ConvertLeadTest@35d176f7]" name="configAM" is-config="true" duration-ms="1511" started-at="2021-09-11T19:41:46 IST" finished-at="2021-09-11T19:41:47 IST">
          <reporter-output>
          </reporter-output>
        </test-method> <!-- configAM -->
        <test-method status="PASS" signature="configBM()[pri:0, instance:com.rockzent.awinbv.leadtest.ConvertLeadTest@35d176f7]" name="configBM" is-config="true" duration-ms="2817" started-at="2021-09-11T19:41:47 IST" finished-at="2021-09-11T19:41:50 IST">
          <reporter-output>
          </reporter-output>
        </test-method> <!-- configBM -->
        <test-method status="PASS" signature="convertLeadBySelectingOnlyOrgCheckboxTest()[pri:0, instance:com.rockzent.awinbv.leadtest.ConvertLeadTest@35d176f7]" name="convertLeadBySelectingOnlyOrgCheckboxTest" duration-ms="40080" started-at="2021-09-11T19:41:50 IST" finished-at="2021-09-11T19:42:30 IST">
          <reporter-output>
          </reporter-output>
        </test-method> <!-- convertLeadBySelectingOnlyOrgCheckboxTest -->
        <test-method status="PASS" signature="configAM()[pri:0, instance:com.rockzent.awinbv.leadtest.ConvertLeadTest@35d176f7]" name="configAM" is-config="true" duration-ms="1479" started-at="2021-09-11T19:42:30 IST" finished-at="2021-09-11T19:42:31 IST">
          <reporter-output>
          </reporter-output>
        </test-method> <!-- configAM -->
        <test-method status="PASS" signature="configAC()[pri:0, instance:com.rockzent.awinbv.leadtest.ConvertLeadTest@35d176f7]" name="configAC" is-config="true" duration-ms="854" started-at="2021-09-11T19:42:31 IST" finished-at="2021-09-11T19:42:32 IST">
          <reporter-output>
          </reporter-output>
        </test-method> <!-- configAC -->
        <test-method status="PASS" signature="configAS()[pri:0, instance:com.rockzent.awinbv.leadtest.ConvertLeadTest@35d176f7]" name="configAS" is-config="true" duration-ms="0" started-at="2021-09-11T19:43:25 IST" finished-at="2021-09-11T19:43:25 IST">
          <reporter-output>
          </reporter-output>
        </test-method> <!-- configAS -->
      </class> <!-- com.rockzent.awinbv.leadtest.ConvertLeadTest -->
    </test> <!-- Command line test -->
  </suite> <!-- Command line suite -->
</testng-results>
