<?xml version="1.0" encoding="UTF-8"?>
<!-- Generated by org.testng.reporters.JUnitReportReporter -->
<<<<<<< HEAD
<testsuite hostname="LAPTOP-3CBL729E" failures="0" tests="1" name="com.awinbv.rockzent.leadtest.ObjectTest" time="8.876" errors="0" timestamp="2022-06-27T16:12:15 IST" skipped="0">
  <testcase classname="com.awinbv.rockzent.leadtest.ObjectTest" name="objectTest" time="8.876"/>
=======
<testsuite skipped="0" hostname="LAPTOP-3CBL729E" name="com.awinbv.rockzent.leadtest.ObjectTest" tests="1" failures="0" timestamp="2022-06-24T17:35:22 IST" time="0.000" errors="1">
  <testcase name="objectTest" time="0.000" classname="com.awinbv.rockzent.leadtest.ObjectTest">
    <error type="org.testng.TestNGException" message="
Some DataProvider public java.lang.Object[][] com.awinbv.rockzent.generalUtility.ExcelUtility.getMultipleDataFromExcel(java.lang.String,int,int) throws java.lang.Throwable parameters unresolved:  at 0 type class java.lang.String
 at 1 type int
 at 2 type int
">
      <![CDATA[org.testng.TestNGException: 
Some DataProvider public java.lang.Object[][] com.awinbv.rockzent.generalUtility.ExcelUtility.getMultipleDataFromExcel(java.lang.String,int,int) throws java.lang.Throwable parameters unresolved:  at 0 type class java.lang.String
 at 1 type int
 at 2 type int

at org.testng.internal.MethodInvocationHelper.getParameters(MethodInvocationHelper.java:220)
at org.testng.internal.MethodInvocationHelper.invokeDataProvider(MethodInvocationHelper.java:145)
at org.testng.internal.Parameters.handleParameters(Parameters.java:798)
at org.testng.internal.Parameters.handleParameters(Parameters.java:740)
at org.testng.internal.ParameterHandler.handleParameters(ParameterHandler.java:59)
at org.testng.internal.ParameterHandler.createParameters(ParameterHandler.java:38)
at org.testng.internal.TestInvoker$MethodInvocationAgent.invoke(TestInvoker.java:791)
at org.testng.internal.TestInvoker.invokeTestMethods(TestInvoker.java:146)
at org.testng.internal.TestMethodWorker.invokeTestMethods(TestMethodWorker.java:146)
at org.testng.internal.TestMethodWorker.run(TestMethodWorker.java:128)
at java.util.ArrayList.forEach(ArrayList.java:1259)
at org.testng.TestRunner.privateRun(TestRunner.java:794)
at org.testng.TestRunner.run(TestRunner.java:596)
at org.testng.SuiteRunner.runTest(SuiteRunner.java:377)
at org.testng.SuiteRunner.runSequentially(SuiteRunner.java:371)
at org.testng.SuiteRunner.privateRun(SuiteRunner.java:332)
at org.testng.SuiteRunner.run(SuiteRunner.java:276)
at org.testng.SuiteRunnerWorker.runSuite(SuiteRunnerWorker.java:53)
at org.testng.SuiteRunnerWorker.run(SuiteRunnerWorker.java:96)
at org.testng.TestNG.runSuitesSequentially(TestNG.java:1212)
at org.testng.TestNG.runSuitesLocally(TestNG.java:1134)
at org.testng.TestNG.runSuites(TestNG.java:1063)
at org.testng.TestNG.run(TestNG.java:1031)
at org.testng.remote.AbstractRemoteTestNG.run(AbstractRemoteTestNG.java:115)
at org.testng.remote.RemoteTestNG.initAndRun(RemoteTestNG.java:251)
at org.testng.remote.RemoteTestNG.main(RemoteTestNG.java:77)
]]>
    </error>
  </testcase> <!-- objectTest -->
>>>>>>> 8a3dfc95faf120d0955bb9f375d23daaec137461
  <system-out/>
</testsuite> <!-- com.awinbv.rockzent.leadtest.ObjectTest -->
